Connor Detlefsen 
2312185 
CPSC 350-02 
Assignment 1
Calculations for: DNA_text.txt
A probability: 0.25
G probability 0.25
T probability: 0.25
C probability: 0.25
Sum of the length of the DNA strings: 32
Mean of the length of the DNA strings: 6.4
Variance of the length of the DNA strings: 0.64
Standard deviation of the length of the DNA strings: 0.8
AA: 0.0625
AG: 0.0625
AC: 0.0625
AT: 0.0625
GG: 0.0625
GA: 0.0625
GC: 0.0625
GT: 0.0625
CC: 0.0625
CG: 0.0625
CA: 0.0625
CT: 0.0625
TT: 0.0625
TG: 0.0625
TC: 0.0625
TA: 0.0625
